Removed Pin From Net: NetName=+24V Pin=C43-2
Removed Pin From Net: NetName=+24V Pin=C44-2
Removed Pin From Net: NetName=+24V Pin=C45-2
Removed Pin From Net: NetName=DRAIN Pin=U9-1
Removed Pin From Net: NetName=VDRN_CMP Pin=U9-4
Removed Pin From Net: NetName=+24V Pin=U9-5
Removed Pin From Net: NetName=VDIV Pin=U10-1
Removed Pin From Net: NetName=VSNS_CMP Pin=U10-4
Removed Pin From Net: NetName=+24V Pin=U10-5
Removed Pin From Net: NetName=ISENSE Pin=U11-1
Removed Pin From Net: NetName=ISNS_CMP Pin=U11-4
Removed Pin From Net: NetName=+24V Pin=U11-5
Change Component Footprint: Designator=U9 Old Footprint=DIODES_SOT25 New Footprint=SOTFL65P210X110-6N
Change Component Footprint: Designator=U10 Old Footprint=DIODES_SOT25 New Footprint=SOTFL65P210X110-6N
Change Component Footprint: Designator=U11 Old Footprint=DIODES_SOT25 New Footprint=SOTFL65P210X110-6N
Change Component Comment : Designator=U9 Old Comment=AP331AWG-7 New Comment=LMV7239M7X/NOPB
Change Component Comment : Designator=U10 Old Comment=AP331AWG-7 New Comment=LMV7239M7X/NOPB
Change Component Comment : Designator=U11 Old Comment=AP331AWG-7 New Comment=LMV7239M7X/NOPB
Change component parameters: Designator = "U9" ("U9"); Footprint = "DIODES_SOT25"; UniqueID = "\IJGSRDZD\IYTOCAQS" ("\IJGSRDZD\IYTOCAQS")
Change component parameters (AddParameter): Name = "CreatedBy"; Value = "Judd Foster"; VariantName = "[No Variations]"
Change component parameters (AddParameter): Name = "HelpURL"; Value = "https://www.ti.com/general/docs/suppproductinfo.tsp?distId=10&gotoUrl=https%3A%2F%2Fwww.ti.com%2Flit%2Fgpn%2Flmv7235"; VariantName = "[No Variations]"
Change component parameters (AddParameter): Name = "Manufacturer 1"; Value = "Texas Instruments"; VariantName = "[No Variations]"
Change component parameters (AddParameter): Name = "Manufacturer 1 Part Number"; Value = "LMV7239M7X/NOPB"; VariantName = "[No Variations]"
Change component parameters (AddParameter): Name = "Part Name"; Value = "LMV7239M7X/NOPB"; VariantName = "[No Variations]"
Change component parameters (AddParameter): Name = "Vendor 1"; Value = "Digikey"; VariantName = "[No Variations]"
Change component parameters (AddParameter): Name = "Vendor 1 Part Number"; Value = "296-35198-1-ND"; VariantName = "[No Variations]"
Change component parameters: Designator = "U10" ("U10"); Footprint = "DIODES_SOT25"; UniqueID = "\IJGSRDZD\DUHLKLDN" ("\IJGSRDZD\DUHLKLDN")
Change component parameters (AddParameter): Name = "CreatedBy"; Value = "Judd Foster"; VariantName = "[No Variations]"
Change component parameters (AddParameter): Name = "HelpURL"; Value = "https://www.ti.com/general/docs/suppproductinfo.tsp?distId=10&gotoUrl=https%3A%2F%2Fwww.ti.com%2Flit%2Fgpn%2Flmv7235"; VariantName = "[No Variations]"
Change component parameters (AddParameter): Name = "Manufacturer 1"; Value = "Texas Instruments"; VariantName = "[No Variations]"
Change component parameters (AddParameter): Name = "Manufacturer 1 Part Number"; Value = "LMV7239M7X/NOPB"; VariantName = "[No Variations]"
Change component parameters (AddParameter): Name = "Part Name"; Value = "LMV7239M7X/NOPB"; VariantName = "[No Variations]"
Change component parameters (AddParameter): Name = "Vendor 1"; Value = "Digikey"; VariantName = "[No Variations]"
Change component parameters (AddParameter): Name = "Vendor 1 Part Number"; Value = "296-35198-1-ND"; VariantName = "[No Variations]"
Change component parameters: Designator = "U11" ("U11"); Footprint = "DIODES_SOT25"; UniqueID = "\IJGSRDZD\TJINDOZE" ("\IJGSRDZD\TJINDOZE")
Change component parameters (AddParameter): Name = "CreatedBy"; Value = "Judd Foster"; VariantName = "[No Variations]"
Change component parameters (AddParameter): Name = "HelpURL"; Value = "https://www.ti.com/general/docs/suppproductinfo.tsp?distId=10&gotoUrl=https%3A%2F%2Fwww.ti.com%2Flit%2Fgpn%2Flmv7235"; VariantName = "[No Variations]"
Change component parameters (AddParameter): Name = "Manufacturer 1"; Value = "Texas Instruments"; VariantName = "[No Variations]"
Change component parameters (AddParameter): Name = "Manufacturer 1 Part Number"; Value = "LMV7239M7X/NOPB"; VariantName = "[No Variations]"
Change component parameters (AddParameter): Name = "Part Name"; Value = "LMV7239M7X/NOPB"; VariantName = "[No Variations]"
Change component parameters (AddParameter): Name = "Vendor 1"; Value = "Digikey"; VariantName = "[No Variations]"
Change component parameters (AddParameter): Name = "Vendor 1 Part Number"; Value = "296-35198-1-ND"; VariantName = "[No Variations]"
Added Component: Designator=C20(CAPC_0805)
Add component (AddParameter): Name = "CreatedBy"; Value = "Judd Foster"; VariantName = "[No Variations]"
Add component (AddParameter): Name = "HelpURL"; Value = "N/A"; VariantName = "[No Variations]"
Add component (AddParameter): Name = "Manufacturer 1"; Value = "N/A"; VariantName = "[No Variations]"
Add component (AddParameter): Name = "Manufacturer 1 Part Number"; Value = "N/A"; VariantName = "[No Variations]"
Add component (AddParameter): Name = "Part Name"; Value = "CAP,Omit,0805"; VariantName = "[No Variations]"
Add component (AddParameter): Name = "Value"; Value = "Omit"; VariantName = "[No Variations]"
Add component (AddParameter): Name = "Vendor 1"; Value = "N/A"; VariantName = "[No Variations]"
Add component (AddParameter): Name = "Vendor 1 Part Number"; Value = "N/A"; VariantName = "[No Variations]"
Added Component: Designator=D6(NEXPERIA_PKG_SOD523)
Add component (AddParameter): Name = "CreatedBy"; Value = "Judd Foster"; VariantName = "[No Variations]"
Add component (AddParameter): Name = "HelpURL"; Value = "https://assets.nexperia.com/documents/data-sheet/PMEG2010AEB.pdf"; VariantName = "[No Variations]"
Add component (AddParameter): Name = "Manufacturer 1"; Value = "Nexperia USA Inc."; VariantName = "[No Variations]"
Add component (AddParameter): Name = "Manufacturer 1 Part Number"; Value = "PMEG2010AEBF"; VariantName = "[No Variations]"
Add component (AddParameter): Name = "Part Name"; Value = "DIODE,Schottky,20V,1A,SOD523"; VariantName = "[No Variations]"
Add component (AddParameter): Name = "Vendor 1"; Value = "DigiKey"; VariantName = "[No Variations]"
Add component (AddParameter): Name = "Vendor 1 Part Number"; Value = "1727-8539-1-ND"; VariantName = "[No Variations]"
Added Component: Designator=D7(NEXPERIA_PKG_SOD523)
Add component (AddParameter): Name = "CreatedBy"; Value = "Judd Foster"; VariantName = "[No Variations]"
Add component (AddParameter): Name = "HelpURL"; Value = "https://assets.nexperia.com/documents/data-sheet/PMEG2010AEB.pdf"; VariantName = "[No Variations]"
Add component (AddParameter): Name = "Manufacturer 1"; Value = "Nexperia USA Inc."; VariantName = "[No Variations]"
Add component (AddParameter): Name = "Manufacturer 1 Part Number"; Value = "PMEG2010AEBF"; VariantName = "[No Variations]"
Add component (AddParameter): Name = "Part Name"; Value = "DIODE,Schottky,20V,1A,SOD523"; VariantName = "[No Variations]"
Add component (AddParameter): Name = "Vendor 1"; Value = "DigiKey"; VariantName = "[No Variations]"
Add component (AddParameter): Name = "Vendor 1 Part Number"; Value = "1727-8539-1-ND"; VariantName = "[No Variations]"
Added Component: Designator=D8(NEXPERIA_PKG_SOD523)
Add component (AddParameter): Name = "CreatedBy"; Value = "Judd Foster"; VariantName = "[No Variations]"
Add component (AddParameter): Name = "HelpURL"; Value = "https://assets.nexperia.com/documents/data-sheet/PMEG2010AEB.pdf"; VariantName = "[No Variations]"
Add component (AddParameter): Name = "Manufacturer 1"; Value = "Nexperia USA Inc."; VariantName = "[No Variations]"
Add component (AddParameter): Name = "Manufacturer 1 Part Number"; Value = "PMEG2010AEBF"; VariantName = "[No Variations]"
Add component (AddParameter): Name = "Part Name"; Value = "DIODE,Schottky,20V,1A,SOD523"; VariantName = "[No Variations]"
Add component (AddParameter): Name = "Vendor 1"; Value = "DigiKey"; VariantName = "[No Variations]"
Add component (AddParameter): Name = "Vendor 1 Part Number"; Value = "1727-8539-1-ND"; VariantName = "[No Variations]"
Added Component: Designator=R48(RESC1005X04N)
Add component (AddParameter): Name = "CreatedBy"; Value = "Judd Foster"; VariantName = "[No Variations]"
Add component (AddParameter): Name = "HelpURL"; Value = "https://www.seielect.com/catalog/sei-rncf.pdf"; VariantName = "[No Variations]"
Add component (AddParameter): Name = "Manufacturer 1"; Value = "Stackpole Electronics Inc"; VariantName = "[No Variations]"
Add component (AddParameter): Name = "Manufacturer 1 Part Number"; Value = "RNCF0402BTE10K0"; VariantName = "[No Variations]"
Add component (AddParameter): Name = "Part Name"; Value = "RES,10k,0.1%,0.063W,0402"; VariantName = "[No Variations]"
Add component (AddParameter): Name = "Value"; Value = "10k"; VariantName = "[No Variations]"
Add component (AddParameter): Name = "Vendor 1"; Value = "Digikey"; VariantName = "[No Variations]"
Add component (AddParameter): Name = "Vendor 1 Part Number"; Value = "RNCF0402BTE10K0CT-ND"; VariantName = "[No Variations]"
Added Component: Designator=R49(RESC1005X04N)
Add component (AddParameter): Name = "CreatedBy"; Value = "Judd Foster"; VariantName = "[No Variations]"
Add component (AddParameter): Name = "HelpURL"; Value = "https://www.yageo.com/upload/media/product/productsearch/datasheet/rchip/PYu-RT_1-to-0.01_RoHS_L_13.pdf"; VariantName = "[No Variations]"
Add component (AddParameter): Name = "Manufacturer 1"; Value = "Yageo"; VariantName = "[No Variations]"
Add component (AddParameter): Name = "Manufacturer 1 Part Number"; Value = "RT0402BRD0778K7L"; VariantName = "[No Variations]"
Add component (AddParameter): Name = "Part Name"; Value = "RES,78k7,0.1%,0.063W,0402"; VariantName = "[No Variations]"
Add component (AddParameter): Name = "Value"; Value = "78k7"; VariantName = "[No Variations]"
Add component (AddParameter): Name = "Vendor 1"; Value = "Digikey"; VariantName = "[No Variations]"
Add component (AddParameter): Name = "Vendor 1 Part Number"; Value = "YAG4311CT-ND"; VariantName = "[No Variations]"
Added Pin To Net: NetName=DRAIN Pin=C20-1
Added Pin To Net: NetName=+5V0 Pin=C43-2
Added Pin To Net: NetName=+5V0 Pin=C44-2
Added Pin To Net: NetName=+5V0 Pin=C45-2
Added Pin To Net: NetName=+5V0 Pin=D6-1
Added Pin To Net: NetName=+5V0 Pin=D7-1
Added Pin To Net: NetName=VDIV Pin=D7-2
Added Pin To Net: NetName=+5V0 Pin=D8-1
Added Pin To Net: NetName=ISENSE Pin=D8-2
Added Pin To Net: NetName=COM Pin=R48-2
Added Pin To Net: NetName=DRAIN Pin=R49-2
Added Pin To Net: NetName=VDRN_CMP Pin=U9-1
Added Pin To Net: NetName=+5V0 Pin=U9-5
Added Pin To Net: NetName=VSNS_CMP Pin=U10-1
Added Pin To Net: NetName=VDIV Pin=U10-4
Added Pin To Net: NetName=+5V0 Pin=U10-5
Added Pin To Net: NetName=ISNS_CMP Pin=U11-1
Added Pin To Net: NetName=ISENSE Pin=U11-4
Added Pin To Net: NetName=+5V0 Pin=U11-5
Change Net Name : Old Net Name=DRAIN New Net Name=NetC20_1
Added Pin To Net: NetName=DRAIN Pin=C20-2
Added Pin To Net: NetName=DRAIN Pin=D6-2
Added Pin To Net: NetName=DRAIN Pin=R48-1
Added Pin To Net: NetName=DRAIN Pin=R49-1
Added Pin To Net: NetName=DRAIN Pin=U9-4
Added Net: Name=DRAIN
Added Member To Class: ClassName=XFR Member=Component C20 Omit
Added Member To Class: ClassName=CMP Member=Component D6 PMEG2010AEBF
Added Member To Class: ClassName=CMP Member=Component D7 PMEG2010AEBF
Added Member To Class: ClassName=CMP Member=Component D8 PMEG2010AEBF
Added Member To Class: ClassName=XFR Member=Component R48 10k,0.1%,0.063W,0402
Added Member To Class: ClassName=XFR Member=Component R49 78k7,0.1%,0.063W,0402
