Added Component: Designator=C19(CAPC1005X06N)
Add component (AddParameter): Name = "CreatedBy"; Value = "Judd Foster"; VariantName = "[No Variations]"
Add component (AddParameter): Name = "HelpURL"; Value = "https://search.murata.co.jp/Ceramy/image/img/A01X/G101/ENG/GRM155R71E104KE14-01.pdf"; VariantName = "[No Variations]"
Add component (AddParameter): Name = "Manufacturer 1"; Value = "Murata Electronics"; VariantName = "[No Variations]"
Add component (AddParameter): Name = "Manufacturer 1 Part Number"; Value = "GRM155R71E104KE14J"; VariantName = "[No Variations]"
Add component (AddParameter): Name = "Part Name"; Value = "CAP,Cer,100nF,10%,25V,X7R,0402"; VariantName = "[No Variations]"
Add component (AddParameter): Name = "Value"; Value = "100nF"; VariantName = "[No Variations]"
Add component (AddParameter): Name = "Vendor 1"; Value = "DigiKey"; VariantName = "[No Variations]"
Add component (AddParameter): Name = "Vendor 1 Part Number"; Value = "490-14603-1-ND"; VariantName = "[No Variations]"
Added Component: Designator=U12(SOP65P490X110-8)
Add component (AddParameter): Name = "CreatedBy"; Value = "Judd Foster"; VariantName = "[No Variations]"
Add component (AddParameter): Name = "HelpURL"; Value = "https://www.ti.com/lit/ds/symlink/tlv9001-q1.pdf?ts=1702270446565&ref_url=https%253A%252F%252Fwww.google.com%252F"; VariantName = "[No Variations]"
Add component (AddParameter): Name = "Manufacturer 1"; Value = "Texas Instruments"; VariantName = "[No Variations]"
Add component (AddParameter): Name = "Manufacturer 1 Part Number"; Value = "TLV9002QDGKRQ1"; VariantName = "[No Variations]"
Add component (AddParameter): Name = "Part Name"; Value = "TLV9002QDGKRQ1"; VariantName = "[No Variations]"
Add component (AddParameter): Name = "Vendor 1"; Value = "Digikey"; VariantName = "[No Variations]"
Add component (AddParameter): Name = "Vendor 1 Part Number"; Value = "296-TLV9002QDGKRQ1CT-ND"; VariantName = "[No Variations]"
Added Pin To Net: NetName=COM Pin=C19-1
Added Pin To Net: NetName=+5V0 Pin=C19-2
Added Pin To Net: NetName=VDIV Pin=U12-3
Added Pin To Net: NetName=COM Pin=U12-4
Added Pin To Net: NetName=VDIV Pin=U12-5
Added Pin To Net: NetName=+5V0 Pin=U12-8
Added Pin To Net: NetName=NetU12_1 Pin=U12-1
Added Pin To Net: NetName=NetU12_1 Pin=U12-2
Added Net: Name=NetU12_1
Added Pin To Net: NetName=VDIV_BUF Pin=U8-29
Added Pin To Net: NetName=VDIV_BUF Pin=U12-6
Added Pin To Net: NetName=VDIV_BUF Pin=U12-7
Added Net: Name=VDIV_BUF
Added Member To Class: ClassName=XFR Member=Component C19 100n,10%,25V,X7R,0402
Added Member To Class: ClassName=XFR Member=Component U12 TLV9002QDGKRQ1
