Replace Part C1 CAP,Alum,220uF,20%,50VDC,Radial,Thru in C:\Users\juddf\Downloads\judd\HVPS\Altium\HVPS.SchDoc with CAP,Alum,220uF,20%,50VDC,Radial,Thru from Component Library.DbLib
Replace Part C2 CAP,Alum,220uF,20%,50VDC,Radial,Thru in C:\Users\juddf\Downloads\judd\HVPS\Altium\HVPS.SchDoc with CAP,Alum,220uF,20%,50VDC,Radial,Thru from Component Library.DbLib
Replace Part C3 CAP,Alum,220uF,20%,50VDC,Radial,Thru in C:\Users\juddf\Downloads\judd\HVPS\Altium\HVPS.SchDoc with CAP,Alum,220uF,20%,50VDC,Radial,Thru from Component Library.DbLib
Replace Part C4 CAP,Cer,10uF,50VDC,X5R,1206 in C:\Users\juddf\Downloads\judd\HVPS\Altium\HVPS.SchDoc with CAP,Cer,10uF,50VDC,X5R,1206 from Component Library.DbLib
Replace Part C5 CAP,Cer,10uF,50VDC,X5R,1206 in C:\Users\juddf\Downloads\judd\HVPS\Altium\HVPS.SchDoc with CAP,Cer,10uF,50VDC,X5R,1206 from Component Library.DbLib
Replace Part C6 CAP,Cer,100nF,10%,630V,X7R,1808 in C:\Users\juddf\Downloads\judd\HVPS\Altium\HVPS.SchDoc with CAP,Cer,100nF,10%,630V,X7R,1808 from Component Library.DbLib
Replace Part C7 CAP,Omit,0805 in C:\Users\juddf\Downloads\judd\HVPS\Altium\HVPS.SchDoc with CAP,Omit,0805 from Component Library.DbLib
Replace Part C8 CAP,Cer,100nF,10%,630V,X7R,1808 in C:\Users\juddf\Downloads\judd\HVPS\Altium\HVPS.SchDoc with CAP,Cer,100nF,10%,630V,X7R,1808 from Component Library.DbLib
Replace Part C9 CAP,Omit,0805 in C:\Users\juddf\Downloads\judd\HVPS\Altium\HVPS.SchDoc with CAP,Omit,0805 from Component Library.DbLib
Replace Part C10 CAP,Cer,100nF,10%,630V,X7R,1808 in C:\Users\juddf\Downloads\judd\HVPS\Altium\HVPS.SchDoc with CAP,Cer,100nF,10%,630V,X7R,1808 from Component Library.DbLib
Replace Part C11 CAP,Omit,0805 in C:\Users\juddf\Downloads\judd\HVPS\Altium\HVPS.SchDoc with CAP,Omit,0805 from Component Library.DbLib
Replace Part C12 CAP,Cer,100nF,10%,630V,X7R,1808 in C:\Users\juddf\Downloads\judd\HVPS\Altium\HVPS.SchDoc with CAP,Cer,100nF,10%,630V,X7R,1808 from Component Library.DbLib
Replace Part C13 CAP,Cer,100nF,10%,25VDC,X7R,0402 in C:\Users\juddf\Downloads\judd\HVPS\Altium\HVPS.SchDoc with CAP,Cer,100nF,10%,25VDC,X7R,0402 from Component Library.DbLib
Replace Part C14 CAP,Omit,0805 in C:\Users\juddf\Downloads\judd\HVPS\Altium\HVPS.SchDoc with CAP,Omit,0805 from Component Library.DbLib
Replace Part C15 CAP,Omit,0402 in C:\Users\juddf\Downloads\judd\HVPS\Altium\HVPS.SchDoc with CAP,Omit,0402 from Component Library.DbLib
Replace Part C16 CAP,Omit,0805 in C:\Users\juddf\Downloads\judd\HVPS\Altium\HVPS.SchDoc with CAP,Omit,0805 from Component Library.DbLib
Replace Part C17 CAP,Omit,0805 in C:\Users\juddf\Downloads\judd\HVPS\Altium\HVPS.SchDoc with CAP,Omit,0805 from Component Library.DbLib
Replace Part C18 CAP,Cer,100nF,10%,25VDC,X7R,0402 in C:\Users\juddf\Downloads\judd\HVPS\Altium\HVPS.SchDoc with CAP,Cer,100nF,10%,25VDC,X7R,0402 from Component Library.DbLib
Replace Part C19 CAP,Cer,10uF,50VDC,X5R,1206 in C:\Users\juddf\Downloads\judd\HVPS\Altium\HVPS.SchDoc with CAP,Cer,10uF,50VDC,X5R,1206 from Component Library.DbLib
Replace Part C20 CAP,Cer,10uF,50VDC,X5R,1206 in C:\Users\juddf\Downloads\judd\HVPS\Altium\HVPS.SchDoc with CAP,Cer,10uF,50VDC,X5R,1206 from Component Library.DbLib
Replace Part C21 CAP,Cer,10uF,50VDC,X5R,1206 in C:\Users\juddf\Downloads\judd\HVPS\Altium\HVPS.SchDoc with CAP,Cer,10uF,50VDC,X5R,1206 from Component Library.DbLib
Replace Part C22 CAP,Cer,100nF,10%,25VDC,X7R,0402 in C:\Users\juddf\Downloads\judd\HVPS\Altium\HVPS.SchDoc with CAP,Cer,100nF,10%,25VDC,X7R,0402 from Component Library.DbLib
Replace Part C23 CAP,Cer,100nF,10%,25VDC,X7R,0402 in C:\Users\juddf\Downloads\judd\HVPS\Altium\HVPS.SchDoc with CAP,Cer,100nF,10%,25VDC,X7R,0402 from Component Library.DbLib
Replace Part C24 CAP,Cer,100nF,10%,25VDC,X7R,0402 in C:\Users\juddf\Downloads\judd\HVPS\Altium\HVPS.SchDoc with CAP,Cer,100nF,10%,25VDC,X7R,0402 from Component Library.DbLib
Replace Part C26 CAP,Cer,10uF,50VDC,X5R,1206 in C:\Users\juddf\Downloads\judd\HVPS\Altium\HVPS.SchDoc with CAP,Cer,10uF,50VDC,X5R,1206 from Component Library.DbLib
Replace Part C27 CAP,Cer,10uF,50VDC,X5R,1206 in C:\Users\juddf\Downloads\judd\HVPS\Altium\HVPS.SchDoc with CAP,Cer,10uF,50VDC,X5R,1206 from Component Library.DbLib
Replace Part C29 CAP,Cer,10uF,50VDC,X5R,1206 in C:\Users\juddf\Downloads\judd\HVPS\Altium\HVPS.SchDoc with CAP,Cer,10uF,50VDC,X5R,1206 from Component Library.DbLib
Replace Part C30 CAP,Cer,10uF,50VDC,X5R,1206 in C:\Users\juddf\Downloads\judd\HVPS\Altium\HVPS.SchDoc with CAP,Cer,10uF,50VDC,X5R,1206 from Component Library.DbLib
Replace Part C32 CAP,Cer,33nF,10%,25V,X7R,0402 in C:\Users\juddf\Downloads\judd\HVPS\Altium\HVPS.SchDoc with CAP,Cer,33nF,10%,25V,X7R,0402 from Component Library.DbLib
Replace Part C33 CAP,Omit,0402 in C:\Users\juddf\Downloads\judd\HVPS\Altium\HVPS.SchDoc with CAP,Omit,0402 from Component Library.DbLib
Replace Part D1 DIODE,Gen,600V,3A,SMB in C:\Users\juddf\Downloads\judd\HVPS\Altium\HVPS.SchDoc with DIODE,Gen,600V,3A,SMB from Component Library.DbLib
Replace Part D2 DIODE,Gen,600V,3A,SMB in C:\Users\juddf\Downloads\judd\HVPS\Altium\HVPS.SchDoc with DIODE,Gen,600V,3A,SMB from Component Library.DbLib
Replace Part D3 LED,Green,SMD,0603 in C:\Users\juddf\Downloads\judd\HVPS\Altium\HVPS.SchDoc with LED,Green,SMD,0603 from Component Library.DbLib
Replace Part D4 LED,Red,SMD,0603 in C:\Users\juddf\Downloads\judd\HVPS\Altium\HVPS.SchDoc with LED,Red,SMD,0603 from Component Library.DbLib
Replace Part J1 Term,Header,5x2 Pin,2.54mm,Thru in C:\Users\juddf\Downloads\judd\HVPS\Altium\HVPS.SchDoc with Term,Header,5x2 Pin,2.54mm,Thru from Component Library.DbLib
Replace Part J2 CONN,JST,8 Pin,2mm,RA,SMD in C:\Users\juddf\Downloads\judd\HVPS\Altium\HVPS.SchDoc with CONN,JST,8 Pin,2mm,RA,SMD from Component Library.DbLib
Replace Part J3 Conn,Micro-Fit,Hdr,6Pos,RA,Thru in C:\Users\juddf\Downloads\judd\HVPS\Altium\HVPS.SchDoc with Conn,Micro-Fit,Hdr,6Pos,RA,Thru from Component Library.DbLib
Replace Part J4 Conn,Micro-Fit,Hdr,6Pos,RA,Thru in C:\Users\juddf\Downloads\judd\HVPS\Altium\HVPS.SchDoc with Conn,Micro-Fit,Hdr,6Pos,RA,Thru from Component Library.DbLib
Replace Part L1 IND,6.8uH,3.6A,Wirewound,SMD in C:\Users\juddf\Downloads\judd\HVPS\Altium\HVPS.SchDoc with IND,6.8uH,3.6A,Wirewound,SMD from Component Library.DbLib
Replace Part L2 IND,6.8uH,3.6A,Wirewound,SMD in C:\Users\juddf\Downloads\judd\HVPS\Altium\HVPS.SchDoc with IND,6.8uH,3.6A,Wirewound,SMD from Component Library.DbLib
Replace Part Q1 MOSFET,N Ch,200V,50A,IRFP260MPBF in C:\Users\juddf\Downloads\judd\HVPS\Altium\HVPS.SchDoc with MOSFET,N Ch,200V,50A,IRFP260MPBF from Component Library.DbLib
Replace Part Q2 MOSFET,N Ch,200V,50A,IRFP260MPBF in C:\Users\juddf\Downloads\judd\HVPS\Altium\HVPS.SchDoc with MOSFET,N Ch,200V,50A,IRFP260MPBF from Component Library.DbLib
Replace Part Q3 Trans,PNP,Dual,40V,200mA,SOT363 in C:\Users\juddf\Downloads\judd\HVPS\Altium\HVPS.SchDoc with Trans,PNP,Dual,40V,200mA,SOT363 from Component Library.DbLib
Replace Part Q3 Trans,PNP,Dual,40V,200mA,SOT363 in C:\Users\juddf\Downloads\judd\HVPS\Altium\HVPS.SchDoc with Trans,PNP,Dual,40V,200mA,SOT363 from Component Library.DbLib
Replace Part R1 RES,150R,1%,0.1W,0402 in C:\Users\juddf\Downloads\judd\HVPS\Altium\HVPS.SchDoc with RES,150R,1%,0.1W,0402 from Component Library.DbLib
Replace Part R2 RES,150R,1%,0.1W,0402 in C:\Users\juddf\Downloads\judd\HVPS\Altium\HVPS.SchDoc with RES,150R,1%,0.1W,0402 from Component Library.DbLib
Replace Part R3 RES,150R,1%,0.1W,0402 in C:\Users\juddf\Downloads\judd\HVPS\Altium\HVPS.SchDoc with RES,150R,1%,0.1W,0402 from Component Library.DbLib
Replace Part R4 RES,10k,0.1%,0.063W,0402 in C:\Users\juddf\Downloads\judd\HVPS\Altium\HVPS.SchDoc with RES,10k,0.1%,0.063W,0402 from Component Library.DbLib
Replace Part R5 RES,10k,0.1%,0.063W,0402 in C:\Users\juddf\Downloads\judd\HVPS\Altium\HVPS.SchDoc with RES,10k,0.1%,0.063W,0402 from Component Library.DbLib
Replace Part R6 RES,10k,0.1%,0.063W,0402 in C:\Users\juddf\Downloads\judd\HVPS\Altium\HVPS.SchDoc with RES,10k,0.1%,0.063W,0402 from Component Library.DbLib
Replace Part R7 RES,10k,0.1%,0.063W,0402 in C:\Users\juddf\Downloads\judd\HVPS\Altium\HVPS.SchDoc with RES,10k,0.1%,0.063W,0402 from Component Library.DbLib
Replace Part R8 RES,1M,0.1%,0.063W,0402 in C:\Users\juddf\Downloads\judd\HVPS\Altium\HVPS.SchDoc with RES,1M,0.1%,0.063W,0402 from Component Library.DbLib
Replace Part R9 RES,442k,0.1%,0.125W,0805 in C:\Users\juddf\Downloads\judd\HVPS\Altium\HVPS.SchDoc with RES,442k,0.1%,0.125W,0805 from Component Library.DbLib
Replace Part R10 RES,10R,1%,0.063W,0402 in C:\Users\juddf\Downloads\judd\HVPS\Altium\HVPS.SchDoc with RES,10R,1%,0.063W,0402 from Component Library.DbLib
Replace Part R11 RES,442k,0.1%,0.125W,0805 in C:\Users\juddf\Downloads\judd\HVPS\Altium\HVPS.SchDoc with RES,442k,0.1%,0.125W,0805 from Component Library.DbLib
Replace Part R12 RES,10R,1%,0.063W,0402 in C:\Users\juddf\Downloads\judd\HVPS\Altium\HVPS.SchDoc with RES,10R,1%,0.063W,0402 from Component Library.DbLib
Replace Part R13 RES,1k,5%,0.063W,0402 in C:\Users\juddf\Downloads\judd\HVPS\Altium\HVPS.SchDoc with RES,1k,5%,0.063W,0402 from Component Library.DbLib
Replace Part R14 RES,442k,0.1%,0.125W,0805 in C:\Users\juddf\Downloads\judd\HVPS\Altium\HVPS.SchDoc with RES,442k,0.1%,0.125W,0805 from Component Library.DbLib
Replace Part R15 RES,1k,5%,0.063W,0402 in C:\Users\juddf\Downloads\judd\HVPS\Altium\HVPS.SchDoc with RES,1k,5%,0.063W,0402 from Component Library.DbLib
Replace Part R16 RES,0R005,1%,2W,2512 in C:\Users\juddf\Downloads\judd\HVPS\Altium\HVPS.SchDoc with RES,0R005,1%,2W,2512 from Component Library.DbLib
Replace Part R17 RES,442k,0.1%,0.125W,0805 in C:\Users\juddf\Downloads\judd\HVPS\Altium\HVPS.SchDoc with RES,442k,0.1%,0.125W,0805 from Component Library.DbLib
Replace Part R18 RES,1k,5%,0.063W,0402 in C:\Users\juddf\Downloads\judd\HVPS\Altium\HVPS.SchDoc with RES,1k,5%,0.063W,0402 from Component Library.DbLib
Replace Part R19 RES,0R005,1%,2W,2512 in C:\Users\juddf\Downloads\judd\HVPS\Altium\HVPS.SchDoc with RES,0R005,1%,2W,2512 from Component Library.DbLib
Replace Part R20 RES,1k,5%,0.063W,0402 in C:\Users\juddf\Downloads\judd\HVPS\Altium\HVPS.SchDoc with RES,1k,5%,0.063W,0402 from Component Library.DbLib
Replace Part R21 RES,442k,0.1%,0.125W,0805 in C:\Users\juddf\Downloads\judd\HVPS\Altium\HVPS.SchDoc with RES,442k,0.1%,0.125W,0805 from Component Library.DbLib
Replace Part R22 RES,10k,0.1%,0.063W,0402 in C:\Users\juddf\Downloads\judd\HVPS\Altium\HVPS.SchDoc with RES,10k,0.1%,0.063W,0402 from Component Library.DbLib
Replace Part R23 RES,10k,5%,0.063W,0402 in C:\Users\juddf\Downloads\judd\HVPS\Altium\HVPS.SchDoc with RES,10k,5%,0.063W,0402 from Component Library.DbLib
Replace Part R24 RES,10k,5%,0.063W,0402 in C:\Users\juddf\Downloads\judd\HVPS\Altium\HVPS.SchDoc with RES,10k,5%,0.063W,0402 from Component Library.DbLib
Replace Part R25 RES,511k,1%,0.063W,0402 in C:\Users\juddf\Downloads\judd\HVPS\Altium\HVPS.SchDoc with RES,511k,1%,0.063W,0402 from Component Library.DbLib
Replace Part R26 RES,49R9,1%,0.063W,0402 in C:\Users\juddf\Downloads\judd\HVPS\Altium\HVPS.SchDoc with RES,49R9,1%,0.063W,0402 from Component Library.DbLib
Replace Part R27 RES.53k6,1%,0.063W,0402 in C:\Users\juddf\Downloads\judd\HVPS\Altium\HVPS.SchDoc with RES.53k6,1%,0.063W,0402 from Component Library.DbLib
Replace Part R28 RES,88k7,1%,0.063W,0402 in C:\Users\juddf\Downloads\judd\HVPS\Altium\HVPS.SchDoc with RES,88k7,1%,0.063W,0402 from Component Library.DbLib
Replace Part R29 RES,10k2,1%,0.063W,0402 in C:\Users\juddf\Downloads\judd\HVPS\Altium\HVPS.SchDoc with RES,10k2,1%,0.063W,0402 from Component Library.DbLib
Replace Part R30 RES,10k,5%,0.063W,0402 in C:\Users\juddf\Downloads\judd\HVPS\Altium\HVPS.SchDoc with RES,10k,5%,0.063W,0402 from Component Library.DbLib
Replace Part R31 RES,10k,5%,0.063W,0402 in C:\Users\juddf\Downloads\judd\HVPS\Altium\HVPS.SchDoc with RES,10k,5%,0.063W,0402 from Component Library.DbLib
Replace Part R32 RES,330R,1%,0.063W,0402 in C:\Users\juddf\Downloads\judd\HVPS\Altium\HVPS.SchDoc with RES,330R,1%,0.063W,0402 from Component Library.DbLib
Replace Part R33 RES,330R,1%,0.063W,0402 in C:\Users\juddf\Downloads\judd\HVPS\Altium\HVPS.SchDoc with RES,330R,1%,0.063W,0402 from Component Library.DbLib
Replace Part T1 XFR,Flyback,COILCRAFT_GA3460-BL in C:\Users\juddf\Downloads\judd\HVPS\Altium\HVPS.SchDoc with XFR,Flyback,COILCRAFT_GA3460-BL from Component Library.DbLib
Replace Part U1 PIC18F56Q71-I/PT in C:\Users\juddf\Downloads\judd\HVPS\Altium\HVPS.SchDoc with PIC18F56Q71-I/PT from Component Library.DbLib
Replace Part U1 PIC18F56Q71-I/PT in C:\Users\juddf\Downloads\judd\HVPS\Altium\HVPS.SchDoc with PIC18F56Q71-I/PT from Component Library.DbLib
Replace Part U1 PIC18F56Q71-I/PT in C:\Users\juddf\Downloads\judd\HVPS\Altium\HVPS.SchDoc with PIC18F56Q71-I/PT from Component Library.DbLib
Replace Part U1 PIC18F56Q71-I/PT in C:\Users\juddf\Downloads\judd\HVPS\Altium\HVPS.SchDoc with PIC18F56Q71-I/PT from Component Library.DbLib
Replace Part U1 PIC18F56Q71-I/PT in C:\Users\juddf\Downloads\judd\HVPS\Altium\HVPS.SchDoc with PIC18F56Q71-I/PT from Component Library.DbLib
Replace Part U1 PIC18F56Q71-I/PT in C:\Users\juddf\Downloads\judd\HVPS\Altium\HVPS.SchDoc with PIC18F56Q71-I/PT from Component Library.DbLib
Replace Part U1 PIC18F56Q71-I/PT in C:\Users\juddf\Downloads\judd\HVPS\Altium\HVPS.SchDoc with PIC18F56Q71-I/PT from Component Library.DbLib
Replace Part U2 INA225AIDGKR in C:\Users\juddf\Downloads\judd\HVPS\Altium\HVPS.SchDoc with INA225AIDGKR from Component Library.DbLib
Replace Part U3 THVD1420DR in C:\Users\juddf\Downloads\judd\HVPS\Altium\HVPS.SchDoc with THVD1420DR from Component Library.DbLib
Replace Part U3 THVD1420DR in C:\Users\juddf\Downloads\judd\HVPS\Altium\HVPS.SchDoc with THVD1420DR from Component Library.DbLib
Replace Part U4 THVD1420DR in C:\Users\juddf\Downloads\judd\HVPS\Altium\HVPS.SchDoc with THVD1420DR from Component Library.DbLib
Replace Part U4 THVD1420DR in C:\Users\juddf\Downloads\judd\HVPS\Altium\HVPS.SchDoc with THVD1420DR from Component Library.DbLib
Replace Part U5 TPS62932DRLR in C:\Users\juddf\Downloads\judd\HVPS\Altium\HVPS.SchDoc with TPS62932DRLR from Component Library.DbLib
