Change Footprint: Footprint Not Found CAPC1005X06N
Change Footprint: Footprint Not Found CAPC1005X06N
Change Footprint: Footprint Not Found WURTH_61300211121
Added Component: Designator=C43(CAPC1005X06N)
Add component (AddParameter): Name = "CreatedBy"; Value = "Judd Foster"; VariantName = "[No Variations]"
Add component (AddParameter): Name = "HelpURL"; Value = "https://search.murata.co.jp/Ceramy/image/img/A01X/G101/ENG/GRM155R71E104KE14-01.pdf"; VariantName = "[No Variations]"
Add component (AddParameter): Name = "Manufacturer 1"; Value = "Murata Electronics"; VariantName = "[No Variations]"
Add component (AddParameter): Name = "Manufacturer 1 Part Number"; Value = "GRM155R71E104KE14J"; VariantName = "[No Variations]"
Add component (AddParameter): Name = "Part Name"; Value = "CAP,Cer,100nF,10%,25V,X7R,0402"; VariantName = "[No Variations]"
Add component (AddParameter): Name = "Value"; Value = "100nF"; VariantName = "[No Variations]"
Add component (AddParameter): Name = "Vendor 1"; Value = "DigiKey"; VariantName = "[No Variations]"
Add component (AddParameter): Name = "Vendor 1 Part Number"; Value = "490-14603-1-ND"; VariantName = "[No Variations]"
Added Component: Designator=C44(CAPC1005X06N)
Add component (AddParameter): Name = "CreatedBy"; Value = "Judd Foster"; VariantName = "[No Variations]"
Add component (AddParameter): Name = "HelpURL"; Value = "https://search.murata.co.jp/Ceramy/image/img/A01X/G101/ENG/GRM155R71E104KE14-01.pdf"; VariantName = "[No Variations]"
Add component (AddParameter): Name = "Manufacturer 1"; Value = "Murata Electronics"; VariantName = "[No Variations]"
Add component (AddParameter): Name = "Manufacturer 1 Part Number"; Value = "GRM155R71E104KE14J"; VariantName = "[No Variations]"
Add component (AddParameter): Name = "Part Name"; Value = "CAP,Cer,100nF,10%,25V,X7R,0402"; VariantName = "[No Variations]"
Add component (AddParameter): Name = "Value"; Value = "100nF"; VariantName = "[No Variations]"
Add component (AddParameter): Name = "Vendor 1"; Value = "DigiKey"; VariantName = "[No Variations]"
Add component (AddParameter): Name = "Vendor 1 Part Number"; Value = "490-14603-1-ND"; VariantName = "[No Variations]"
Added Component: Designator=C45(CAPC1005X06N)
Add component (AddParameter): Name = "CreatedBy"; Value = "Judd Foster"; VariantName = "[No Variations]"
Add component (AddParameter): Name = "HelpURL"; Value = "https://search.murata.co.jp/Ceramy/image/img/A01X/G101/ENG/GRM155R71E104KE14-01.pdf"; VariantName = "[No Variations]"
Add component (AddParameter): Name = "Manufacturer 1"; Value = "Murata Electronics"; VariantName = "[No Variations]"
Add component (AddParameter): Name = "Manufacturer 1 Part Number"; Value = "GRM155R71E104KE14J"; VariantName = "[No Variations]"
Add component (AddParameter): Name = "Part Name"; Value = "CAP,Cer,100nF,10%,25V,X7R,0402"; VariantName = "[No Variations]"
Add component (AddParameter): Name = "Value"; Value = "100nF"; VariantName = "[No Variations]"
Add component (AddParameter): Name = "Vendor 1"; Value = "DigiKey"; VariantName = "[No Variations]"
Add component (AddParameter): Name = "Vendor 1 Part Number"; Value = "490-14603-1-ND"; VariantName = "[No Variations]"
Added Pin To Net: NetName=COM Pin=C43-1
Added Pin To Net: NetName=+24V Pin=C43-2
Added Pin To Net: NetName=COM Pin=C44-1
Added Pin To Net: NetName=+24V Pin=C44-2
Added Pin To Net: NetName=COM Pin=C45-1
Added Pin To Net: NetName=+24V Pin=C45-2
Added Member To Class: ClassName=CMP Member=Component C43 100n,10%,25V,X7R,0402
Added Member To Class: ClassName=CMP Member=Component C44 100n,10%,25V,X7R,0402
Added Member To Class: ClassName=CMP Member=Component C45 100n,10%,25V,X7R,0402
