Removed Pin From Net: NetName=GATE Pin=U1-22
Added Component: Designator=C34(CAPC3216X16N)
Add component (AddParameter): Name = "CreatedBy"; Value = "Judd Foster"; VariantName = "[No Variations]"
Add component (AddParameter): Name = "HelpURL"; Value = "https://www.samsungsem.com/resources/file/global/support/product_catalog/MLCC.pdf"; VariantName = "[No Variations]"
Add component (AddParameter): Name = "Manufacturer 1"; Value = "Samsung Electro-Mechanics"; VariantName = "[No Variations]"
Add component (AddParameter): Name = "Manufacturer 1 Part Number"; Value = "CL31A106MBHNNNE"; VariantName = "[No Variations]"
Add component (AddParameter): Name = "Part Name"; Value = "CAP,Cer,10uF,50VDC,X5R,1206"; VariantName = "[No Variations]"
Add component (AddParameter): Name = "Value"; Value = "10u"; VariantName = "[No Variations]"
Add component (AddParameter): Name = "Vendor 1"; Value = "Digikey"; VariantName = "[No Variations]"
Add component (AddParameter): Name = "Vendor 1 Part Number"; Value = "1276-6736-1-ND"; VariantName = "[No Variations]"
Added Component: Designator=C35(CAPC3216X16N)
Add component (AddParameter): Name = "CreatedBy"; Value = "Judd Foster"; VariantName = "[No Variations]"
Add component (AddParameter): Name = "HelpURL"; Value = "https://www.samsungsem.com/resources/file/global/support/product_catalog/MLCC.pdf"; VariantName = "[No Variations]"
Add component (AddParameter): Name = "Manufacturer 1"; Value = "Samsung Electro-Mechanics"; VariantName = "[No Variations]"
Add component (AddParameter): Name = "Manufacturer 1 Part Number"; Value = "CL31A106MBHNNNE"; VariantName = "[No Variations]"
Add component (AddParameter): Name = "Part Name"; Value = "CAP,Cer,10uF,50VDC,X5R,1206"; VariantName = "[No Variations]"
Add component (AddParameter): Name = "Value"; Value = "10u"; VariantName = "[No Variations]"
Add component (AddParameter): Name = "Vendor 1"; Value = "Digikey"; VariantName = "[No Variations]"
Add component (AddParameter): Name = "Vendor 1 Part Number"; Value = "1276-6736-1-ND"; VariantName = "[No Variations]"
Added Component: Designator=C36(CAPC1005X06N)
Add component (AddParameter): Name = "CreatedBy"; Value = "Judd Foster"; VariantName = "[No Variations]"
Add component (AddParameter): Name = "HelpURL"; Value = "https://search.murata.co.jp/Ceramy/image/img/A01X/G101/ENG/GRM155R71E104KE14-01.pdf"; VariantName = "[No Variations]"
Add component (AddParameter): Name = "Manufacturer 1"; Value = "Murata Electronics"; VariantName = "[No Variations]"
Add component (AddParameter): Name = "Manufacturer 1 Part Number"; Value = "GRM155R71E104KE14J"; VariantName = "[No Variations]"
Add component (AddParameter): Name = "Part Name"; Value = "CAP,Cer,100nF,10%,25VDC,X7R,0402"; VariantName = "[No Variations]"
Add component (AddParameter): Name = "Value"; Value = "100nF"; VariantName = "[No Variations]"
Add component (AddParameter): Name = "Vendor 1"; Value = "DigiKey"; VariantName = "[No Variations]"
Add component (AddParameter): Name = "Vendor 1 Part Number"; Value = "490-14603-1-ND"; VariantName = "[No Variations]"
Added Component: Designator=R38(RESC3216X06N)
Add component (AddParameter): Name = "CreatedBy"; Value = "Judd Foster"; VariantName = "[No Variations]"
Add component (AddParameter): Name = "HelpURL"; Value = "https://www.seielect.com/catalog/sei-rmcf_rmcp.pdf"; VariantName = "[No Variations]"
Add component (AddParameter): Name = "Manufacturer 1"; Value = "Stackpole Electronics Inc"; VariantName = "[No Variations]"
Add component (AddParameter): Name = "Manufacturer 1 Part Number"; Value = "RMCF1206ZT0R00"; VariantName = "[No Variations]"
Add component (AddParameter): Name = "Part Name"; Value = "RES,0R0,0.25W,1206"; VariantName = "[No Variations]"
Add component (AddParameter): Name = "Value"; Value = "0R"; VariantName = "[No Variations]"
Add component (AddParameter): Name = "Vendor 1"; Value = "Digikey"; VariantName = "[No Variations]"
Add component (AddParameter): Name = "Vendor 1 Part Number"; Value = "RMCF1206ZT0R00CT-ND"; VariantName = "[No Variations]"
Added Component: Designator=R39(RESC3216X06N)
Add component (AddParameter): Name = "CreatedBy"; Value = "Judd Foster"; VariantName = "[No Variations]"
Add component (AddParameter): Name = "HelpURL"; Value = "https://www.seielect.com/catalog/sei-rmcf_rmcp.pdf"; VariantName = "[No Variations]"
Add component (AddParameter): Name = "Manufacturer 1"; Value = "Stackpole Electronics Inc"; VariantName = "[No Variations]"
Add component (AddParameter): Name = "Manufacturer 1 Part Number"; Value = "RMCF1206ZT0R00"; VariantName = "[No Variations]"
Add component (AddParameter): Name = "Part Name"; Value = "RES,0R0,0.25W,1206"; VariantName = "[No Variations]"
Add component (AddParameter): Name = "Value"; Value = "0R"; VariantName = "[No Variations]"
Add component (AddParameter): Name = "Vendor 1"; Value = "Digikey"; VariantName = "[No Variations]"
Add component (AddParameter): Name = "Vendor 1 Part Number"; Value = "RMCF1206ZT0R00CT-ND"; VariantName = "[No Variations]"
Added Component: Designator=U6(SOTFL95P260X145-6)
Add component (AddParameter): Name = "CreatedBy"; Value = "Judd Foster"; VariantName = "[No Variations]"
Add component (AddParameter): Name = "HelpURL"; Value = "https://www.ti.com/general/docs/suppproductinfo.tsp?distId=26&gotoUrl=https://www.ti.com/lit/gpn/ucc27511a-q1"; VariantName = "[No Variations]"
Add component (AddParameter): Name = "Manufacturer 1"; Value = "Texas Instruments"; VariantName = "[No Variations]"
Add component (AddParameter): Name = "Manufacturer 1 Part Number"; Value = "UCC27511AQDBVRQ1"; VariantName = "[No Variations]"
Add component (AddParameter): Name = "Part Name"; Value = "UCC27511AQDBVRQ1"; VariantName = "[No Variations]"
Add component (AddParameter): Name = "Vendor 1"; Value = "Mouser"; VariantName = "[No Variations]"
Add component (AddParameter): Name = "Vendor 1 Part Number"; Value = "595-UCC27511AQDBVRQ1"; VariantName = "[No Variations]"
Added Pin To Net: NetName=COM Pin=C34-1
Added Pin To Net: NetName=COM Pin=C35-1
Added Pin To Net: NetName=COM Pin=C36-1
Added Pin To Net: NetName=GATE Pin=R38-2
Added Pin To Net: NetName=GATE Pin=R39-2
Added Pin To Net: NetName=COM Pin=U6-4
Added Pin To Net: NetName=COM Pin=U6-5
Added Pin To Net: NetName=+15V Pin=C34-2
Added Pin To Net: NetName=+15V Pin=C35-2
Added Pin To Net: NetName=+15V Pin=C36-2
Added Pin To Net: NetName=+15V Pin=U6-1
Added Net: Name=+15V
Added Pin To Net: NetName=GDRV Pin=U1-22
Added Pin To Net: NetName=GDRV Pin=U6-6
Added Net: Name=GDRV
Added Pin To Net: NetName=NetR38_1 Pin=R38-1
Added Pin To Net: NetName=NetR38_1 Pin=U6-2
Added Net: Name=NetR38_1
Added Pin To Net: NetName=NetR39_1 Pin=R39-1
Added Pin To Net: NetName=NetR39_1 Pin=U6-3
Added Net: Name=NetR39_1
Added Member To Class: ClassName=HVPS Member=Component C34 10u,20%,50V,X5R,1206
Added Member To Class: ClassName=HVPS Member=Component C35 10u,20%,50V,X5R,1206
Added Member To Class: ClassName=HVPS Member=Component C36 100n,25V,10%,X7R,0402
Added Member To Class: ClassName=HVPS Member=Component R38 0R0,0.25W,1206
Added Member To Class: ClassName=HVPS Member=Component R39 0R0,0.25W,1206
Added Member To Class: ClassName=HVPS Member=Component U6 UCC27511AQDBVRQ1
Added Rule: Name=Schematic Supply Nets_3
