Change Footprint: Footprint Not Found CAPC1005X06N
Change Footprint: Footprint Not Found CAPC1005X06N
Change Footprint: Footprint Not Found WURTH_61300211121
Change Component Footprint: Designator=U3 Old Footprint=TEXASINSTRUMENTS_PKG_D0008A New Footprint=UMW_PKG_SOT223-3L
Add Component: Footprint Not Found CAPC1005X06N
Add Component: Footprint Not Found CAPC1005X06N
Add Component: Footprint Not Found CAPC1005X06N
Add Component: Footprint Not Found CAPC1005X06N
Add Component: Footprint Not Found CAPC1005X06N
Add Component: Footprint Not Found CAPC1005X06N
Add Component: Footprint Not Found CAPC1005X06N
Add Component: Footprint Not Found CAPC1005X06N
Add Component: Footprint Not Found CAPC1005X06N
Added Component: Designator=U9(DIODES_SOT25)
Add component (AddParameter): Name = "CreatedBy"; Value = "Judd Foster"; VariantName = "[No Variations]"
Add component (AddParameter): Name = "HelpURL"; Value = "https://www.lcsc.com/datasheet/lcsc_datasheet_2304140030_Diodes-Incorporated-AP331AWG-7_C151034.pdf"; VariantName = "[No Variations]"
Add component (AddParameter): Name = "Manufacturer 1"; Value = "Diodes Incorporated"; VariantName = "[No Variations]"
Add component (AddParameter): Name = "Manufacturer 1 Part Number"; Value = "AP331AWG-7"; VariantName = "[No Variations]"
Add component (AddParameter): Name = "Part Name"; Value = "AP331AWG-7"; VariantName = "[No Variations]"
Add component (AddParameter): Name = "Vendor 1"; Value = "LCSC"; VariantName = "[No Variations]"
Add component (AddParameter): Name = "Vendor 1 Part Number"; Value = "C151034"; VariantName = "[No Variations]"
Added Component: Designator=U10(DIODES_SOT25)
Add component (AddParameter): Name = "CreatedBy"; Value = "Judd Foster"; VariantName = "[No Variations]"
Add component (AddParameter): Name = "HelpURL"; Value = "https://www.lcsc.com/datasheet/lcsc_datasheet_2304140030_Diodes-Incorporated-AP331AWG-7_C151034.pdf"; VariantName = "[No Variations]"
Add component (AddParameter): Name = "Manufacturer 1"; Value = "Diodes Incorporated"; VariantName = "[No Variations]"
Add component (AddParameter): Name = "Manufacturer 1 Part Number"; Value = "AP331AWG-7"; VariantName = "[No Variations]"
Add component (AddParameter): Name = "Part Name"; Value = "AP331AWG-7"; VariantName = "[No Variations]"
Add component (AddParameter): Name = "Vendor 1"; Value = "LCSC"; VariantName = "[No Variations]"
Add component (AddParameter): Name = "Vendor 1 Part Number"; Value = "C151034"; VariantName = "[No Variations]"
Added Component: Designator=U11(DIODES_SOT25)
Add component (AddParameter): Name = "CreatedBy"; Value = "Judd Foster"; VariantName = "[No Variations]"
Add component (AddParameter): Name = "HelpURL"; Value = "https://www.lcsc.com/datasheet/lcsc_datasheet_2304140030_Diodes-Incorporated-AP331AWG-7_C151034.pdf"; VariantName = "[No Variations]"
Add component (AddParameter): Name = "Manufacturer 1"; Value = "Diodes Incorporated"; VariantName = "[No Variations]"
Add component (AddParameter): Name = "Manufacturer 1 Part Number"; Value = "AP331AWG-7"; VariantName = "[No Variations]"
Add component (AddParameter): Name = "Part Name"; Value = "AP331AWG-7"; VariantName = "[No Variations]"
Add component (AddParameter): Name = "Vendor 1"; Value = "LCSC"; VariantName = "[No Variations]"
Add component (AddParameter): Name = "Vendor 1 Part Number"; Value = "C151034"; VariantName = "[No Variations]"
Add Pin To Net: Unknown Pin: Pin C37-1
Add Pin To Net: Unknown Pin: Pin C37-2
Add Pin To Net: Unknown Pin: Pin C38-1
Add Pin To Net: Unknown Pin: Pin C38-2
Add Pin To Net: Unknown Pin: Pin C39-1
Add Pin To Net: Unknown Pin: Pin C39-2
Add Pin To Net: Unknown Pin: Pin C40-1
Add Pin To Net: Unknown Pin: Pin C40-2
Add Pin To Net: Unknown Pin: Pin C41-1
Add Pin To Net: Unknown Pin: Pin C41-2
Add Pin To Net: Unknown Pin: Pin C42-1
Add Pin To Net: Unknown Pin: Pin C42-2
Add Pin To Net: Unknown Pin: Pin C43-1
Add Pin To Net: Unknown Pin: Pin C43-2
Add Pin To Net: Unknown Pin: Pin C44-1
Add Pin To Net: Unknown Pin: Pin C44-2
Add Pin To Net: Unknown Pin: Pin C45-1
Add Pin To Net: Unknown Pin: Pin C45-2
Added Pin To Net: NetName=DRAIN Pin=U9-1
Added Pin To Net: NetName=COM Pin=U9-2
Added Pin To Net: NetName=NetR41_2 Pin=U9-3
Added Pin To Net: NetName=VDRN_CMP Pin=U9-4
Added Pin To Net: NetName=+24V Pin=U9-5
Added Pin To Net: NetName=VDIV Pin=U10-1
Added Pin To Net: NetName=COM Pin=U10-2
Added Pin To Net: NetName=NetR43_2 Pin=U10-3
Added Pin To Net: NetName=VSNS_CMP Pin=U10-4
Added Pin To Net: NetName=+24V Pin=U10-5
Added Pin To Net: NetName=ISENSE Pin=U11-1
Added Pin To Net: NetName=COM Pin=U11-2
Added Pin To Net: NetName=NetR45_2 Pin=U11-3
Added Pin To Net: NetName=ISNS_CMP Pin=U11-4
Added Pin To Net: NetName=+24V Pin=U11-5
Add Class Member: Failed to add class member : Component C37 100n,25V,10%,X7R,0402
Add Class Member: Failed to add class member : Component C38 100n,25V,10%,X7R,0402
Add Class Member: Failed to add class member : Component C39 100n,25V,10%,X7R,0402
Add Class Member: Failed to add class member : Component C40 100n,25V,10%,X7R,0402
Add Class Member: Failed to add class member : Component C41 100n,25V,10%,X7R,0402
Add Class Member: Failed to add class member : Component C42 100n,25V,10%,X7R,0402
Add Class Member: Failed to add class member : Component C43 100n,25V,10%,X7R,0402
Add Class Member: Failed to add class member : Component C44 100n,25V,10%,X7R,0402
Add Class Member: Failed to add class member : Component C45 100n,25V,10%,X7R,0402
Added Member To Class: ClassName=CMP Member=Component U9 AP331AWG-7
Added Member To Class: ClassName=CMP Member=Component U10 AP331AWG-7
Added Member To Class: ClassName=CMP Member=Component U11 AP331AWG-7
