Change Component Designator: OldDesignator=C29 NewDesignator=C31
Added Component: Designator=C28(CAPC1005X06N)
Add component (AddParameter): Name = "CreatedBy"; Value = "Judd Foster"; VariantName = "[No Variations]"
Add component (AddParameter): Name = "HelpURL"; Value = "https://search.murata.co.jp/Ceramy/image/img/A01X/G101/ENG/GRM155R71E104KE14-01.pdf"; VariantName = "[No Variations]"
Add component (AddParameter): Name = "Manufacturer 1"; Value = "Murata Electronics"; VariantName = "[No Variations]"
Add component (AddParameter): Name = "Manufacturer 1 Part Number"; Value = "GRM155R71E104KE14J"; VariantName = "[No Variations]"
Add component (AddParameter): Name = "Part Name"; Value = "CAP,Cer,100nF,10%,25VDC,X7R,0402"; VariantName = "[No Variations]"
Add component (AddParameter): Name = "Value"; Value = "100nF"; VariantName = "[No Variations]"
Add component (AddParameter): Name = "Vendor 1"; Value = "DigiKey"; VariantName = "[No Variations]"
Add component (AddParameter): Name = "Vendor 1 Part Number"; Value = "490-14603-1-ND"; VariantName = "[No Variations]"
Added Component: Designator=C29(CAPC1005X06N)
Add component (AddParameter): Name = "CreatedBy"; Value = "Judd Foster"; VariantName = "[No Variations]"
Add component (AddParameter): Name = "HelpURL"; Value = "https://search.murata.co.jp/Ceramy/image/img/A01X/G101/ENG/GRM155R71E104KE14-01.pdf"; VariantName = "[No Variations]"
Add component (AddParameter): Name = "Manufacturer 1"; Value = "Murata Electronics"; VariantName = "[No Variations]"
Add component (AddParameter): Name = "Manufacturer 1 Part Number"; Value = "GRM155R71E104KE14J"; VariantName = "[No Variations]"
Add component (AddParameter): Name = "Part Name"; Value = "CAP,Cer,100nF,10%,25VDC,X7R,0402"; VariantName = "[No Variations]"
Add component (AddParameter): Name = "Value"; Value = "100nF"; VariantName = "[No Variations]"
Add component (AddParameter): Name = "Vendor 1"; Value = "DigiKey"; VariantName = "[No Variations]"
Add component (AddParameter): Name = "Vendor 1 Part Number"; Value = "490-14603-1-ND"; VariantName = "[No Variations]"
Added Pin To Net: NetName=COM Pin=C28-1
Added Pin To Net: NetName=+24V Pin=C28-2
Added Pin To Net: NetName=COM Pin=C29-1
Added Pin To Net: NetName=+5V0 Pin=C29-2
Added Member To Class: ClassName=HVPS Member=Component C28 100n,25V,10%,X7R,0402
Added Member To Class: ClassName=HVPS Member=Component C31 10u,20%,50V,X5R,1206
