Change Footprint: Footprint Not Found CAPC1005X06N
Change Footprint: Footprint Not Found CAPC1005X06N
Change Footprint: Footprint Not Found WURTH_61300211121
Added Component: Designator=C37(CAPC1005X06N)
Add component (AddParameter): Name = "CreatedBy"; Value = "Judd Foster"; VariantName = "[No Variations]"
Add component (AddParameter): Name = "HelpURL"; Value = "https://search.murata.co.jp/Ceramy/image/img/A01X/G101/ENG/GRM155R71E104KE14-01.pdf"; VariantName = "[No Variations]"
Add component (AddParameter): Name = "Manufacturer 1"; Value = "Murata Electronics"; VariantName = "[No Variations]"
Add component (AddParameter): Name = "Manufacturer 1 Part Number"; Value = "GRM155R71E104KE14J"; VariantName = "[No Variations]"
Add component (AddParameter): Name = "Part Name"; Value = "CAP,Cer,100nF,10%,25V,X7R,0402"; VariantName = "[No Variations]"
Add component (AddParameter): Name = "Value"; Value = "100nF"; VariantName = "[No Variations]"
Add component (AddParameter): Name = "Vendor 1"; Value = "DigiKey"; VariantName = "[No Variations]"
Add component (AddParameter): Name = "Vendor 1 Part Number"; Value = "490-14603-1-ND"; VariantName = "[No Variations]"
Added Component: Designator=C38(CAPC1005X06N)
Add component (AddParameter): Name = "CreatedBy"; Value = "Judd Foster"; VariantName = "[No Variations]"
Add component (AddParameter): Name = "HelpURL"; Value = "https://search.murata.co.jp/Ceramy/image/img/A01X/G101/ENG/GRM155R71E104KE14-01.pdf"; VariantName = "[No Variations]"
Add component (AddParameter): Name = "Manufacturer 1"; Value = "Murata Electronics"; VariantName = "[No Variations]"
Add component (AddParameter): Name = "Manufacturer 1 Part Number"; Value = "GRM155R71E104KE14J"; VariantName = "[No Variations]"
Add component (AddParameter): Name = "Part Name"; Value = "CAP,Cer,100nF,10%,25V,X7R,0402"; VariantName = "[No Variations]"
Add component (AddParameter): Name = "Value"; Value = "100nF"; VariantName = "[No Variations]"
Add component (AddParameter): Name = "Vendor 1"; Value = "DigiKey"; VariantName = "[No Variations]"
Add component (AddParameter): Name = "Vendor 1 Part Number"; Value = "490-14603-1-ND"; VariantName = "[No Variations]"
Added Component: Designator=C39(CAPC1005X06N)
Add component (AddParameter): Name = "CreatedBy"; Value = "Judd Foster"; VariantName = "[No Variations]"
Add component (AddParameter): Name = "HelpURL"; Value = "https://search.murata.co.jp/Ceramy/image/img/A01X/G101/ENG/GRM155R71E104KE14-01.pdf"; VariantName = "[No Variations]"
Add component (AddParameter): Name = "Manufacturer 1"; Value = "Murata Electronics"; VariantName = "[No Variations]"
Add component (AddParameter): Name = "Manufacturer 1 Part Number"; Value = "GRM155R71E104KE14J"; VariantName = "[No Variations]"
Add component (AddParameter): Name = "Part Name"; Value = "CAP,Cer,100nF,10%,25V,X7R,0402"; VariantName = "[No Variations]"
Add component (AddParameter): Name = "Value"; Value = "100nF"; VariantName = "[No Variations]"
Add component (AddParameter): Name = "Vendor 1"; Value = "DigiKey"; VariantName = "[No Variations]"
Add component (AddParameter): Name = "Vendor 1 Part Number"; Value = "490-14603-1-ND"; VariantName = "[No Variations]"
Added Component: Designator=C40(CAPC1005X06N)
Add component (AddParameter): Name = "CreatedBy"; Value = "Judd Foster"; VariantName = "[No Variations]"
Add component (AddParameter): Name = "HelpURL"; Value = "https://search.murata.co.jp/Ceramy/image/img/A01X/G101/ENG/GRM155R71E104KE14-01.pdf"; VariantName = "[No Variations]"
Add component (AddParameter): Name = "Manufacturer 1"; Value = "Murata Electronics"; VariantName = "[No Variations]"
Add component (AddParameter): Name = "Manufacturer 1 Part Number"; Value = "GRM155R71E104KE14J"; VariantName = "[No Variations]"
Add component (AddParameter): Name = "Part Name"; Value = "CAP,Cer,100nF,10%,25V,X7R,0402"; VariantName = "[No Variations]"
Add component (AddParameter): Name = "Value"; Value = "100nF"; VariantName = "[No Variations]"
Add component (AddParameter): Name = "Vendor 1"; Value = "DigiKey"; VariantName = "[No Variations]"
Add component (AddParameter): Name = "Vendor 1 Part Number"; Value = "490-14603-1-ND"; VariantName = "[No Variations]"
Added Component: Designator=C41(CAPC1005X06N)
Add component (AddParameter): Name = "CreatedBy"; Value = "Judd Foster"; VariantName = "[No Variations]"
Add component (AddParameter): Name = "HelpURL"; Value = "https://search.murata.co.jp/Ceramy/image/img/A01X/G101/ENG/GRM155R71E104KE14-01.pdf"; VariantName = "[No Variations]"
Add component (AddParameter): Name = "Manufacturer 1"; Value = "Murata Electronics"; VariantName = "[No Variations]"
Add component (AddParameter): Name = "Manufacturer 1 Part Number"; Value = "GRM155R71E104KE14J"; VariantName = "[No Variations]"
Add component (AddParameter): Name = "Part Name"; Value = "CAP,Cer,100nF,10%,25V,X7R,0402"; VariantName = "[No Variations]"
Add component (AddParameter): Name = "Value"; Value = "100nF"; VariantName = "[No Variations]"
Add component (AddParameter): Name = "Vendor 1"; Value = "DigiKey"; VariantName = "[No Variations]"
Add component (AddParameter): Name = "Vendor 1 Part Number"; Value = "490-14603-1-ND"; VariantName = "[No Variations]"
Added Component: Designator=C42(CAPC1005X06N)
Add component (AddParameter): Name = "CreatedBy"; Value = "Judd Foster"; VariantName = "[No Variations]"
Add component (AddParameter): Name = "HelpURL"; Value = "https://search.murata.co.jp/Ceramy/image/img/A01X/G101/ENG/GRM155R71E104KE14-01.pdf"; VariantName = "[No Variations]"
Add component (AddParameter): Name = "Manufacturer 1"; Value = "Murata Electronics"; VariantName = "[No Variations]"
Add component (AddParameter): Name = "Manufacturer 1 Part Number"; Value = "GRM155R71E104KE14J"; VariantName = "[No Variations]"
Add component (AddParameter): Name = "Part Name"; Value = "CAP,Cer,100nF,10%,25V,X7R,0402"; VariantName = "[No Variations]"
Add component (AddParameter): Name = "Value"; Value = "100nF"; VariantName = "[No Variations]"
Add component (AddParameter): Name = "Vendor 1"; Value = "DigiKey"; VariantName = "[No Variations]"
Add component (AddParameter): Name = "Vendor 1 Part Number"; Value = "490-14603-1-ND"; VariantName = "[No Variations]"
Add Component: Footprint Not Found CAPC1005X06N
Add Component: Footprint Not Found CAPC1005X06N
Add Component: Footprint Not Found CAPC1005X06N
Added Pin To Net: NetName=COM Pin=C37-1
Added Pin To Net: NetName=+15V Pin=C37-2
Added Pin To Net: NetName=COM Pin=C38-1
Added Pin To Net: NetName=+5V0 Pin=C38-2
Added Pin To Net: NetName=COM Pin=C39-1
Added Pin To Net: NetName=+5V0 Pin=C39-2
Added Pin To Net: NetName=COM Pin=C40-1
Added Pin To Net: NetName=+5V0 Pin=C40-2
Added Pin To Net: NetName=COM Pin=C41-1
Added Pin To Net: NetName=+5V0 Pin=C41-2
Added Pin To Net: NetName=COM Pin=C42-1
Added Pin To Net: NetName=+5V0 Pin=C42-2
Add Pin To Net: Unknown Pin: Pin C43-1
Add Pin To Net: Unknown Pin: Pin C43-2
Add Pin To Net: Unknown Pin: Pin C44-1
Add Pin To Net: Unknown Pin: Pin C44-2
Add Pin To Net: Unknown Pin: Pin C45-1
Add Pin To Net: Unknown Pin: Pin C45-2
Added Member To Class: ClassName=GD Member=Component C37 100n,10%,25V,X7R,0402
Added Member To Class: ClassName=XCVR Member=Component C38 100n,10%,25V,X7R,0402
Added Member To Class: ClassName=XCVR Member=Component C39 100n,10%,25V,X7R,0402
Added Member To Class: ClassName=XCVR Member=Component C40 100n,10%,25V,X7R,0402
Added Member To Class: ClassName=MCU Member=Component C41 100n,10%,25V,X7R,0402
Added Member To Class: ClassName=MCU Member=Component C42 100n,10%,25V,X7R,0402
Add Class Member: Failed to add class member : Component C43 100n,25V,10%,X7R,0402
Add Class Member: Failed to add class member : Component C44 100n,25V,10%,X7R,0402
Add Class Member: Failed to add class member : Component C45 100n,25V,10%,X7R,0402
