Replace Part C41 CAP,Cer,100nF,10%,25V,X7R,0402 in C:\Users\juddf\Documents\HVPS\Altium\Microcontroller.SchDoc with CAP,Cer,100nF,10%,25V,X7R,0402 from Component Library.DbLib
Replace Part C42 CAP,Cer,100nF,10%,25V,X7R,0402 in C:\Users\juddf\Documents\HVPS\Altium\Microcontroller.SchDoc with CAP,Cer,100nF,10%,25V,X7R,0402 from Component Library.DbLib
Replace Part D4 LED,Red,SMD,0603 in C:\Users\juddf\Documents\HVPS\Altium\Microcontroller.SchDoc with LED,Red,SMD,0603 from Component Library.DbLib
Replace Part D5 LED,Green,SMD,0603 in C:\Users\juddf\Documents\HVPS\Altium\Microcontroller.SchDoc with LED,Green,SMD,0603 from Component Library.DbLib
Replace Part J5 Term,Header,5x2 Pin,2.54mm,Thru in C:\Users\juddf\Documents\HVPS\Altium\Microcontroller.SchDoc with Term,Header,5x2 Pin,2.54mm,Thru from Component Library.DbLib
Replace Part Q5 Trans,PNP,Dual,40V,200mA,SOT363 in C:\Users\juddf\Documents\HVPS\Altium\Microcontroller.SchDoc with Trans,PNP,Dual,40V,200mA,SOT363 from Component Library.DbLib
Replace Part Q5 Trans,PNP,Dual,40V,200mA,SOT363 in C:\Users\juddf\Documents\HVPS\Altium\Microcontroller.SchDoc with Trans,PNP,Dual,40V,200mA,SOT363 from Component Library.DbLib
Replace Part R34 RES,150R,1%,0.1W,0402 in C:\Users\juddf\Documents\HVPS\Altium\Microcontroller.SchDoc with RES,150R,1%,0.1W,0402 from Component Library.DbLib
Replace Part R35 RES,150R,1%,0.1W,0402 in C:\Users\juddf\Documents\HVPS\Altium\Microcontroller.SchDoc with RES,150R,1%,0.1W,0402 from Component Library.DbLib
Replace Part R36 RES,10k,5%,0.063W,0402 in C:\Users\juddf\Documents\HVPS\Altium\Microcontroller.SchDoc with RES,10k,5%,0.063W,0402 from Component Library.DbLib
Replace Part R37 RES,150R,1%,0.1W,0402 in C:\Users\juddf\Documents\HVPS\Altium\Microcontroller.SchDoc with RES,150R,1%,0.1W,0402 from Component Library.DbLib
Replace Part R38 RES,330R,1%,0.063W,0402 in C:\Users\juddf\Documents\HVPS\Altium\Microcontroller.SchDoc with RES,330R,1%,0.063W,0402 from Component Library.DbLib
Replace Part R39 RES,10k,5%,0.063W,0402 in C:\Users\juddf\Documents\HVPS\Altium\Microcontroller.SchDoc with RES,10k,5%,0.063W,0402 from Component Library.DbLib
Replace Part R40 RES,330R,1%,0.063W,0402 in C:\Users\juddf\Documents\HVPS\Altium\Microcontroller.SchDoc with RES,330R,1%,0.063W,0402 from Component Library.DbLib
Replace Part TP1 Testpoint,Pad,SMD in C:\Users\juddf\Documents\HVPS\Altium\Microcontroller.SchDoc with Testpoint,Pad,SMD from Component Library.DbLib
Replace Part TP2 Testpoint,Pad,SMD in C:\Users\juddf\Documents\HVPS\Altium\Microcontroller.SchDoc with Testpoint,Pad,SMD from Component Library.DbLib
Replace Part TP3 Testpoint,Pad,SMD in C:\Users\juddf\Documents\HVPS\Altium\Microcontroller.SchDoc with Testpoint,Pad,SMD from Component Library.DbLib
Replace Part TP4 Testpoint,Pad,SMD in C:\Users\juddf\Documents\HVPS\Altium\Microcontroller.SchDoc with Testpoint,Pad,SMD from Component Library.DbLib
Replace Part TP5 Testpoint,Pad,SMD in C:\Users\juddf\Documents\HVPS\Altium\Microcontroller.SchDoc with Testpoint,Pad,SMD from Component Library.DbLib
Replace Part TP6 Testpoint,Pad,SMD in C:\Users\juddf\Documents\HVPS\Altium\Microcontroller.SchDoc with Testpoint,Pad,SMD from Component Library.DbLib
Replace Part TP7 Testpoint,Pad,SMD in C:\Users\juddf\Documents\HVPS\Altium\Microcontroller.SchDoc with Testpoint,Pad,SMD from Component Library.DbLib
Replace Part TP8 Testpoint,Pad,SMD in C:\Users\juddf\Documents\HVPS\Altium\Microcontroller.SchDoc with Testpoint,Pad,SMD from Component Library.DbLib
Replace Part TP9 Testpoint,Pad,SMD in C:\Users\juddf\Documents\HVPS\Altium\Microcontroller.SchDoc with Testpoint,Pad,SMD from Component Library.DbLib
Replace Part TP10 Testpoint,Pad,SMD in C:\Users\juddf\Documents\HVPS\Altium\Microcontroller.SchDoc with Testpoint,Pad,SMD from Component Library.DbLib
Replace Part U8 PIC18F56Q71-I/PT in C:\Users\juddf\Documents\HVPS\Altium\Microcontroller.SchDoc with PIC18F56Q71-I/PT from Component Library.DbLib
Replace Part U8 PIC18F56Q71-I/PT in C:\Users\juddf\Documents\HVPS\Altium\Microcontroller.SchDoc with PIC18F56Q71-I/PT from Component Library.DbLib
Replace Part U8 PIC18F56Q71-I/PT in C:\Users\juddf\Documents\HVPS\Altium\Microcontroller.SchDoc with PIC18F56Q71-I/PT from Component Library.DbLib
Replace Part U8 PIC18F56Q71-I/PT in C:\Users\juddf\Documents\HVPS\Altium\Microcontroller.SchDoc with PIC18F56Q71-I/PT from Component Library.DbLib
Replace Part U8 PIC18F56Q71-I/PT in C:\Users\juddf\Documents\HVPS\Altium\Microcontroller.SchDoc with PIC18F56Q71-I/PT from Component Library.DbLib
Replace Part U8 PIC18F56Q71-I/PT in C:\Users\juddf\Documents\HVPS\Altium\Microcontroller.SchDoc with PIC18F56Q71-I/PT from Component Library.DbLib
Replace Part U8 PIC18F56Q71-I/PT in C:\Users\juddf\Documents\HVPS\Altium\Microcontroller.SchDoc with PIC18F56Q71-I/PT from Component Library.DbLib
